--------------- Build Started: 10/10/2016 09:10:49 Project: Spectacle_Servo_Control_Board, Configuration: ARM GCC 4.9-2015-q1-update Debug ---------------
cydsfit.exe -.appdatapath "C:\Users\mike.hord\AppData\Local\Cypress Semiconductor\PSoC Creator\3.3" -.fdsnotice -.fdswarpdepfile=warp_dependencies.txt -.fdselabdepfile=elab_dependencies.txt -.fdsbldfile=generated_files.txt -p C:\Dropbox\Projects\Spectacle\Spectacle_Servo_Control_Board\Firmware\Spectacle_Servo_Control_Board\Spectacle_Servo_Control_Board.cydsn\Spectacle_Servo_Control_Board.cyprj -d CY8C4146LQI-S422 -s C:\Dropbox\Projects\Spectacle\Spectacle_Servo_Control_Board\Firmware\Spectacle_Servo_Control_Board\Spectacle_Servo_Control_Board.cydsn\Generated_Source\PSoC4 -- -yv2 -q10 -ygs -o2 -v3 -.fftcfgtype=LE
Elaborating Design...
HDL Generation ...
Synthesis ...
Place and Route ...
Tech mapping ...
ADD: pft.M0040: information: The following 1 pin(s) will be assigned a location by the fitter: Servo_4(0)
Analog Placement ...
Analog Routing ...
Analog Code Generation ...
Digital Placement ...
Digital Routing ...
Info: pft.M0077: There is no timing information available for the selected device. Static timing checks will not be applied and digital routing will not be timing-driven. (App=cydsfit)
Bitstream Generation ...
Static timing analysis ...
API Generation ...
Dependency Generation ...
Clean Temporary Files ...
arm-none-eabi-gcc.exe -mcpu=cortex-m0plus -mthumb -Wno-main -I. -IGenerated_Source\PSoC4 -Wa,-alh=.\CortexM0p\ARM_GCC_493\Debug/main.lst -g -D DEBUG -Wall -ffunction-sections -Og -ffat-lto-objects -c .\main.c -o .\CortexM0p\ARM_GCC_493\Debug\main.o
arm-none-eabi-gcc.exe -mcpu=cortex-m0plus -mthumb -Wno-main -I. -IGenerated_Source\PSoC4 -Wa,-alh=.\CortexM0p\ARM_GCC_493\Debug/EZI2C.lst -g -D DEBUG -Wall -ffunction-sections -Og -ffat-lto-objects -c .\Generated_Source\PSoC4\EZI2C.c -o .\CortexM0p\ARM_GCC_493\Debug\EZI2C.o
arm-none-eabi-gcc.exe -mcpu=cortex-m0plus -mthumb -Wno-main -I. -IGenerated_Source\PSoC4 -Wa,-alh=.\CortexM0p\ARM_GCC_493\Debug/EZI2C_PM.lst -g -D DEBUG -Wall -ffunction-sections -Og -ffat-lto-objects -c .\Generated_Source\PSoC4\EZI2C_PM.c -o .\CortexM0p\ARM_GCC_493\Debug\EZI2C_PM.o
arm-none-eabi-gcc.exe -mcpu=cortex-m0plus -mthumb -Wno-main -I. -IGenerated_Source\PSoC4 -Wa,-alh=.\CortexM0p\ARM_GCC_493\Debug/EZI2C_BOOT.lst -g -D DEBUG -Wall -ffunction-sections -Og -ffat-lto-objects -c .\Generated_Source\PSoC4\EZI2C_BOOT.c -o .\CortexM0p\ARM_GCC_493\Debug\EZI2C_BOOT.o
arm-none-eabi-gcc.exe -mcpu=cortex-m0plus -mthumb -Wno-main -I. -IGenerated_Source\PSoC4 -Wa,-alh=.\CortexM0p\ARM_GCC_493\Debug/EZI2C_EZI2C.lst -g -D DEBUG -Wall -ffunction-sections -Og -ffat-lto-objects -c .\Generated_Source\PSoC4\EZI2C_EZI2C.c -o .\CortexM0p\ARM_GCC_493\Debug\EZI2C_EZI2C.o
arm-none-eabi-gcc.exe -mcpu=cortex-m0plus -mthumb -Wno-main -I. -IGenerated_Source\PSoC4 -Wa,-alh=.\CortexM0p\ARM_GCC_493\Debug/EZI2C_EZI2C_INT.lst -g -D DEBUG -Wall -ffunction-sections -Og -ffat-lto-objects -c .\Generated_Source\PSoC4\EZI2C_EZI2C_INT.c -o .\CortexM0p\ARM_GCC_493\Debug\EZI2C_EZI2C_INT.o
arm-none-eabi-gcc.exe -mcpu=cortex-m0plus -mthumb -Wno-main -I. -IGenerated_Source\PSoC4 -Wa,-alh=.\CortexM0p\ARM_GCC_493\Debug/EZI2C_EZI2C_BOOT.lst -g -D DEBUG -Wall -ffunction-sections -Og -ffat-lto-objects -c .\Generated_Source\PSoC4\EZI2C_EZI2C_BOOT.c -o .\CortexM0p\ARM_GCC_493\Debug\EZI2C_EZI2C_BOOT.o
arm-none-eabi-ar.exe -rs .\CortexM0p\ARM_GCC_493\Debug\Spectacle_Servo_Control_Board.a .\CortexM0p\ARM_GCC_493\Debug\cyfitter_cfg.o .\CortexM0p\ARM_GCC_493\Debug\PWM_0.o .\CortexM0p\ARM_GCC_493\Debug\PWM_0_PM.o .\CortexM0p\ARM_GCC_493\Debug\EZI2C.o .\CortexM0p\ARM_GCC_493\Debug\EZI2C_PM.o .\CortexM0p\ARM_GCC_493\Debug\EZI2C_BOOT.o .\CortexM0p\ARM_GCC_493\Debug\EZI2C_EZI2C.o .\CortexM0p\ARM_GCC_493\Debug\EZI2C_EZI2C_INT.o .\CortexM0p\ARM_GCC_493\Debug\EZI2C_EZI2C_BOOT.o .\CortexM0p\ARM_GCC_493\Debug\UART.o .\CortexM0p\ARM_GCC_493\Debug\UART_SPI_UART.o .\CortexM0p\ARM_GCC_493\Debug\UART_SPI_UART_INT.o .\CortexM0p\ARM_GCC_493\Debug\UART_PM.o .\CortexM0p\ARM_GCC_493\Debug\UART_UART.o .\CortexM0p\ARM_GCC_493\Debug\UART_BOOT.o .\CortexM0p\ARM_GCC_493\Debug\UART_UART_BOOT.o .\CortexM0p\ARM_GCC_493\Debug\Servo_0.o .\CortexM0p\ARM_GCC_493\Debug\Servo_0_PM.o .\CortexM0p\ARM_GCC_493\Debug\Clock_1.o .\CortexM0p\ARM_GCC_493\Debug\PWM_1.o .\CortexM0p\ARM_GCC_493\Debug\PWM_1_PM.o .\CortexM0p\ARM_GCC_493\Debug\Servo_1.o .\CortexM0p\ARM_GCC_493\Debug\Servo_1_PM.o .\CortexM0p\ARM_GCC_493\Debug\PWM_2.o .\CortexM0p\ARM_GCC_493\Debug\PWM_2_PM.o .\CortexM0p\ARM_GCC_493\Debug\Servo_2.o .\CortexM0p\ARM_GCC_493\Debug\Servo_2_PM.o .\CortexM0p\ARM_GCC_493\Debug\PWM_3.o .\CortexM0p\ARM_GCC_493\Debug\PWM_3_PM.o .\CortexM0p\ARM_GCC_493\Debug\Servo_3.o .\CortexM0p\ARM_GCC_493\Debug\Servo_3_PM.o .\CortexM0p\ARM_GCC_493\Debug\PWM_4.o .\CortexM0p\ARM_GCC_493\Debug\PWM_4_PM.o .\CortexM0p\ARM_GCC_493\Debug\Servo_4.o .\CortexM0p\ARM_GCC_493\Debug\Servo_4_PM.o .\CortexM0p\ARM_GCC_493\Debug\EZI2C_SCBCLK.o .\CortexM0p\ARM_GCC_493\Debug\EZI2C_sda.o .\CortexM0p\ARM_GCC_493\Debug\EZI2C_sda_PM.o .\CortexM0p\ARM_GCC_493\Debug\EZI2C_scl.o .\CortexM0p\ARM_GCC_493\Debug\EZI2C_scl_PM.o .\CortexM0p\ARM_GCC_493\Debug\EZI2C_SCB_IRQ.o .\CortexM0p\ARM_GCC_493\Debug\UART_SCBCLK.o .\CortexM0p\ARM_GCC_493\Debug\UART_tx.o .\CortexM0p\ARM_GCC_493\Debug\UART_tx_PM.o .\CortexM0p\ARM_GCC_493\Debug\UART_rx.o .\CortexM0p\ARM_GCC_493\Debug\UART_rx_PM.o .\CortexM0p\ARM_GCC_493\Debug\CyBootAsmGnu.o .\CortexM0p\ARM_GCC_493\Debug\CyFlash.o .\CortexM0p\ARM_GCC_493\Debug\CyLib.o .\CortexM0p\ARM_GCC_493\Debug\cyPm.o .\CortexM0p\ARM_GCC_493\Debug\cyutils.o .\CortexM0p\ARM_GCC_493\Debug\CyLFClk.o .\CortexM0p\ARM_GCC_493\Debug\LED.o .\CortexM0p\ARM_GCC_493\Debug\LED_PM.o
arm-none-eabi-ar.exe: creating .\CortexM0p\ARM_GCC_493\Debug\Spectacle_Servo_Control_Board.a
arm-none-eabi-gcc.exe -Wl,--start-group -o .\CortexM0p\ARM_GCC_493\Debug\Spectacle_Servo_Control_Board.elf .\CortexM0p\ARM_GCC_493\Debug\main.o .\CortexM0p\ARM_GCC_493\Debug\cymetadata.o .\CortexM0p\ARM_GCC_493\Debug\Cm0plusStart.o .\CortexM0p\ARM_GCC_493\Debug\Spectacle_Servo_Control_Board.a -mcpu=cortex-m0plus -mthumb -g -ffunction-sections -Og -ffat-lto-objects -L Generated_Source\PSoC4 -Wl,-Map,.\CortexM0p\ARM_GCC_493\Debug/Spectacle_Servo_Control_Board.map -T Generated_Source\PSoC4\cm0plusgcc.ld -specs=nano.specs -Wl,--gc-sections -Wl,--end-group
cyelftool.exe -C C:\Dropbox\Projects\Spectacle\Spectacle_Servo_Control_Board\Firmware\Spectacle_Servo_Control_Board\Spectacle_Servo_Control_Board.cydsn\CortexM0p\ARM_GCC_493\Debug\Spectacle_Servo_Control_Board.elf --flash_row_size 128 --flash_size 65536
cyelftool.exe -S C:\Dropbox\Projects\Spectacle\Spectacle_Servo_Control_Board\Firmware\Spectacle_Servo_Control_Board\Spectacle_Servo_Control_Board.cydsn\CortexM0p\ARM_GCC_493\Debug\Spectacle_Servo_Control_Board.elf
Flash used: 4992 of 65536 bytes (7.6 %).
SRAM used: 2444 of 8192 bytes (29.8 %). Stack: 2048 bytes. Heap: 128 bytes.
--------------- Build Succeeded: 10/10/2016 09:11:21 ---------------
